#
# There is insufficient memory for the Java Runtime Environment to continue.
# Native memory allocation (malloc) failed to allocate 2307696 bytes for Chunk::new
# Possible reasons:
#   The system is out of physical RAM or swap space
#   In 32 bit mode, the process size limit was hit
# Possible solutions:
#   Reduce memory load on the system
#   Increase physical memory or swap space
#   Check if swap backing store is full
#   Use 64 bit Java on a 64 bit OS
#   Decrease Java heap size (-Xmx/-Xms)
#   Decrease number of Java threads
#   Decrease Java thread stack sizes (-Xss)
#   Set larger code cache with -XX:ReservedCodeCacheSize=
# This output file may be truncated or incomplete.
#
#  Out of Memory Error (allocation.cpp:390), pid=4644, tid=9132
#
# JRE version: Java(TM) SE Runtime Environment (8.0_60-b27) (build 1.8.0_60-b27)
# Java VM: Java HotSpot(TM) 64-Bit Server VM (25.60-b23 mixed mode windows-amd64 compressed oops)
# Failed to write core dump. Minidumps are not enabled by default on client versions of Windows
#

---------------  T H R E A D  ---------------

Current thread (0x000000001596f000):  JavaThread "C2 CompilerThread0" daemon [_thread_in_native, id=9132, stack(0x0000000016fd0000,0x00000000170d0000)]

Stack: [0x0000000016fd0000,0x00000000170d0000]
[error occurred during error reporting (printing stack bounds), id 0xc0000005]

Native frames: (J=compiled Java code, j=interpreted, Vv=VM code, C=native code)


Current CompileTask:
C2:   5044 2525       4       java.net.URLClassLoader$1::run (5 bytes)


---------------  P R O C E S S  ---------------

Java Threads: ( => current thread )
  0x00000000172f8800 JavaThread "Service Thread" daemon [_thread_blocked, id=5028, stack(0x00000000176d0000,0x00000000177d0000)]
  0x0000000015978000 JavaThread "C1 CompilerThread2" daemon [_thread_blocked, id=2348, stack(0x00000000171d0000,0x00000000172d0000)]
  0x0000000015975000 JavaThread "C2 CompilerThread1" daemon [_thread_in_native, id=2140, stack(0x00000000170d0000,0x00000000171d0000)]
=>0x000000001596f000 JavaThread "C2 CompilerThread0" daemon [_thread_in_native, id=9132, stack(0x0000000016fd0000,0x00000000170d0000)]
  0x0000000015968800 JavaThread "Attach Listener" daemon [_thread_blocked, id=2264, stack(0x0000000016ed0000,0x0000000016fd0000)]
  0x0000000015967800 JavaThread "Signal Dispatcher" daemon [_thread_blocked, id=2412, stack(0x0000000016dd0000,0x0000000016ed0000)]
  0x00000000020e7000 JavaThread "Finalizer" daemon [_thread_blocked, id=4596, stack(0x0000000016bd0000,0x0000000016cd0000)]
  0x00000000020de800 JavaThread "Reference Handler" daemon [_thread_blocked, id=8404, stack(0x0000000016ad0000,0x0000000016bd0000)]
  0x0000000001ff0800 JavaThread "main" [_thread_blocked, id=8496, stack(0x0000000001eb0000,0x0000000001fb0000)]

Other Threads:
  0x0000000015936800 VMThread [stack: 0x00000000169d0000,0x0000000016ad0000] [id=5208]
  0x0000000017314000 WatcherThread [stack: 0x00000000177d0000,0x00000000178d0000] [id=8432]

VM state:not at safepoint (normal execution)

VM Mutex/Monitor currently owned by a thread: None

Heap:
 PSYoungGen      total 53248K, used 2048K [0x00000000e0980000, 0x00000000e4180000, 0x0000000100000000)
  eden space 49152K, 4% used [0x00000000e0980000,0x00000000e0b80320,0x00000000e3980000)
  from space 4096K, 0% used [0x00000000e3d80000,0x00000000e3d80000,0x00000000e4180000)
  to   space 4096K, 0% used [0x00000000e3980000,0x00000000e3980000,0x00000000e3d80000)
 ParOldGen       total 65536K, used 9937K [0x00000000a1c00000, 0x00000000a5c00000, 0x00000000e0980000)
  object space 65536K, 15% used [0x00000000a1c00000,0x00000000a25b46b8,0x00000000a5c00000)
 Metaspace       used 16517K, capacity 17008K, committed 17024K, reserved 1064960K
  class space    used 1970K, capacity 2169K, committed 2176K, reserved 1048576K

Card table byte_map: [0x00000000114b0000,0x00000000117b0000] byte_map_base: 0x0000000010fa2000

Marking Bits: (ParMarkBitMap*) 0x000000006e87a5b0
 Begin Bits: [0x0000000011db0000, 0x0000000013540000)
 End Bits:   [0x0000000013540000, 0x0000000014cd0000)

Polling page: 0x00000000006d0000

CodeCache: size=245760Kb used=9599Kb max_used=9627Kb free=236160Kb
 bounds [0x00000000020f0000, 0x0000000002a60000, 0x00000000110f0000]
 total_blobs=3120 nmethods=2780 adapters=251
 compilation: disabled (not enough contiguous free space left)

Compilation events (10 events):
Event: 4.482 Thread 0x0000000015978000 2704   !   3       org.eclipse.sisu.plexus.PlexusTypeRegistry::loadRole (21 bytes)
Event: 4.483 Thread 0x0000000015978000 nmethod 2704 0x0000000002a163d0 code [0x0000000002a165a0, 0x0000000002a16b98]
Event: 4.483 Thread 0x0000000015978000 2707       3       java.nio.charset.CharsetEncoder::onMalformedInput (26 bytes)
Event: 4.483 Thread 0x0000000015978000 nmethod 2707 0x0000000002a170d0 code [0x0000000002a17240, 0x0000000002a17588]
Event: 4.483 Thread 0x0000000015978000 2708       3       java.nio.charset.CharsetEncoder::implOnMalformedInput (1 bytes)
Event: 4.483 Thread 0x0000000015978000 nmethod 2708 0x0000000002a17690 code [0x0000000002a177e0, 0x0000000002a17930]
Event: 4.484 Thread 0x0000000015978000 2709       3       java.lang.reflect.AccessibleObject::isAnnotationPresent (6 bytes)
Event: 4.484 Thread 0x0000000015978000 nmethod 2709 0x0000000002a17990 code [0x0000000002a17b00, 0x0000000002a17dc8]
Event: 4.487 Thread 0x0000000015978000 2710       1       java.security.PermissionCollection::isReadOnly (5 bytes)
Event: 4.487 Thread 0x0000000015978000 nmethod 2710 0x0000000002a17e90 code [0x0000000002a17fe0, 0x0000000002a180f0]

GC Heap History (10 events):
Event: 0.717 GC heap before
{Heap before GC invocations=1 (full 0):
 PSYoungGen      total 28672K, used 24576K [0x00000000e0980000, 0x00000000e2980000, 0x0000000100000000)
  eden space 24576K, 100% used [0x00000000e0980000,0x00000000e2180000,0x00000000e2180000)
  from space 4096K, 0% used [0x00000000e2580000,0x00000000e2580000,0x00000000e2980000)
  to   space 4096K, 0% used [0x00000000e2180000,0x00000000e2180000,0x00000000e2580000)
 ParOldGen       total 65536K, used 0K [0x00000000a1c00000, 0x00000000a5c00000, 0x00000000e0980000)
  object space 65536K, 0% used [0x00000000a1c00000,0x00000000a1c00000,0x00000000a5c00000)
 Metaspace       used 7160K, capacity 7352K, committed 7680K, reserved 1056768K
  class space    used 870K, capacity 924K, committed 1024K, reserved 1048576K
Event: 0.721 GC heap after
Heap after GC invocations=1 (full 0):
 PSYoungGen      total 28672K, used 3785K [0x00000000e0980000, 0x00000000e2980000, 0x0000000100000000)
  eden space 24576K, 0% used [0x00000000e0980000,0x00000000e0980000,0x00000000e2180000)
  from space 4096K, 92% used [0x00000000e2180000,0x00000000e25324e0,0x00000000e2580000)
  to   space 4096K, 0% used [0x00000000e2580000,0x00000000e2580000,0x00000000e2980000)
 ParOldGen       total 65536K, used 8K [0x00000000a1c00000, 0x00000000a5c00000, 0x00000000e0980000)
  object space 65536K, 0% used [0x00000000a1c00000,0x00000000a1c02000,0x00000000a5c00000)
 Metaspace       used 7160K, capacity 7352K, committed 7680K, reserved 1056768K
  class space    used 870K, capacity 924K, committed 1024K, reserved 1048576K
}
Event: 1.147 GC heap before
{Heap before GC invocations=2 (full 0):
 PSYoungGen      total 28672K, used 28361K [0x00000000e0980000, 0x00000000e2980000, 0x0000000100000000)
  eden space 24576K, 100% used [0x00000000e0980000,0x00000000e2180000,0x00000000e2180000)
  from space 4096K, 92% used [0x00000000e2180000,0x00000000e25324e0,0x00000000e2580000)
  to   space 4096K, 0% used [0x00000000e2580000,0x00000000e2580000,0x00000000e2980000)
 ParOldGen       total 65536K, used 8K [0x00000000a1c00000, 0x00000000a5c00000, 0x00000000e0980000)
  object space 65536K, 0% used [0x00000000a1c00000,0x00000000a1c02000,0x00000000a5c00000)
 Metaspace       used 9436K, capacity 9652K, committed 9728K, reserved 1058816K
  class space    used 1156K, capacity 1222K, committed 1280K, reserved 1048576K
Event: 1.152 GC heap after
Heap after GC invocations=2 (full 0):
 PSYoungGen      total 28672K, used 4072K [0x00000000e0980000, 0x00000000e2980000, 0x0000000100000000)
  eden space 24576K, 0% used [0x00000000e0980000,0x00000000e0980000,0x00000000e2180000)
  from space 4096K, 99% used [0x00000000e2580000,0x00000000e297a0a0,0x00000000e2980000)
  to   space 4096K, 0% used [0x00000000e2180000,0x00000000e2180000,0x00000000e2580000)
 ParOldGen       total 65536K, used 577K [0x00000000a1c00000, 0x00000000a5c00000, 0x00000000e0980000)
  object space 65536K, 0% used [0x00000000a1c00000,0x00000000a1c906b0,0x00000000a5c00000)
 Metaspace       used 9436K, capacity 9652K, committed 9728K, reserved 1058816K
  class space    used 1156K, capacity 1222K, committed 1280K, reserved 1048576K
}
Event: 1.720 GC heap before
{Heap before GC invocations=3 (full 0):
 PSYoungGen      total 28672K, used 28648K [0x00000000e0980000, 0x00000000e2980000, 0x0000000100000000)
  eden space 24576K, 100% used [0x00000000e0980000,0x00000000e2180000,0x00000000e2180000)
  from space 4096K, 99% used [0x00000000e2580000,0x00000000e297a0a0,0x00000000e2980000)
  to   space 4096K, 0% used [0x00000000e2180000,0x00000000e2180000,0x00000000e2580000)
 ParOldGen       total 65536K, used 577K [0x00000000a1c00000, 0x00000000a5c00000, 0x00000000e0980000)
  object space 65536K, 0% used [0x00000000a1c00000,0x00000000a1c906b0,0x00000000a5c00000)
 Metaspace       used 12805K, capacity 13066K, committed 13312K, reserved 1060864K
  class space    used 1580K, capacity 1673K, committed 1792K, reserved 1048576K
Event: 1.730 GC heap after
Heap after GC invocations=3 (full 0):
 PSYoungGen      total 28672K, used 4080K [0x00000000e0980000, 0x00000000e4180000, 0x0000000100000000)
  eden space 24576K, 0% used [0x00000000e0980000,0x00000000e0980000,0x00000000e2180000)
  from space 4096K, 99% used [0x00000000e2180000,0x00000000e257c010,0x00000000e2580000)
  to   space 4096K, 0% used [0x00000000e3d80000,0x00000000e3d80000,0x00000000e4180000)
 ParOldGen       total 65536K, used 2847K [0x00000000a1c00000, 0x00000000a5c00000, 0x00000000e0980000)
  object space 65536K, 4% used [0x00000000a1c00000,0x00000000a1ec7fe8,0x00000000a5c00000)
 Metaspace       used 12805K, capacity 13066K, committed 13312K, reserved 1060864K
  class space    used 1580K, capacity 1673K, committed 1792K, reserved 1048576K
}
Event: 2.828 GC heap before
{Heap before GC invocations=4 (full 0):
 PSYoungGen      total 28672K, used 28656K [0x00000000e0980000, 0x00000000e4180000, 0x0000000100000000)
  eden space 24576K, 100% used [0x00000000e0980000,0x00000000e2180000,0x00000000e2180000)
  from space 4096K, 99% used [0x00000000e2180000,0x00000000e257c010,0x00000000e2580000)
  to   space 4096K, 0% used [0x00000000e3d80000,0x00000000e3d80000,0x00000000e4180000)
 ParOldGen       total 65536K, used 2847K [0x00000000a1c00000, 0x00000000a5c00000, 0x00000000e0980000)
  object space 65536K, 4% used [0x00000000a1c00000,0x00000000a1ec7fe8,0x00000000a5c00000)
 Metaspace       used 14214K, capacity 14490K, committed 14720K, reserved 1062912K
  class space    used 1737K, capacity 1845K, committed 1920K, reserved 1048576K
Event: 2.845 GC heap after
Heap after GC invocations=4 (full 0):
 PSYoungGen      total 53248K, used 4080K [0x00000000e0980000, 0x00000000e4180000, 0x0000000100000000)
  eden space 49152K, 0% used [0x00000000e0980000,0x00000000e0980000,0x00000000e3980000)
  from space 4096K, 99% used [0x00000000e3d80000,0x00000000e417c010,0x00000000e4180000)
  to   space 4096K, 0% used [0x00000000e3980000,0x00000000e3980000,0x00000000e3d80000)
 ParOldGen       total 65536K, used 5236K [0x00000000a1c00000, 0x00000000a5c00000, 0x00000000e0980000)
  object space 65536K, 7% used [0x00000000a1c00000,0x00000000a211d388,0x00000000a5c00000)
 Metaspace       used 14214K, capacity 14490K, committed 14720K, reserved 1062912K
  class space    used 1737K, capacity 1845K, committed 1920K, reserved 1048576K
}
Event: 4.030 GC heap before
{Heap before GC invocations=5 (full 0):
 PSYoungGen      total 53248K, used 53232K [0x00000000e0980000, 0x00000000e4180000, 0x0000000100000000)
  eden space 49152K, 100% used [0x00000000e0980000,0x00000000e3980000,0x00000000e3980000)
  from space 4096K, 99% used [0x00000000e3d80000,0x00000000e417c010,0x00000000e4180000)
  to   space 4096K, 0% used [0x00000000e3980000,0x00000000e3980000,0x00000000e3d80000)
 ParOldGen       total 65536K, used 5236K [0x00000000a1c00000, 0x00000000a5c00000, 0x00000000e0980000)
  object space 65536K, 7% used [0x00000000a1c00000,0x00000000a211d388,0x00000000a5c00000)
 Metaspace       used 15548K, capacity 15968K, committed 16128K, reserved 1062912K
  class space    used 1826K, capacity 1993K, committed 2048K, reserved 1048576K
Event: 4.046 GC heap after
Heap after GC invocations=5 (full 0):
 PSYoungGen      total 53248K, used 4064K [0x00000000e0980000, 0x00000000e4180000, 0x0000000100000000)
  eden space 49152K, 0% used [0x00000000e0980000,0x00000000e0980000,0x00000000e3980000)
  from space 4096K, 99% used [0x00000000e3980000,0x00000000e3d78020,0x00000000e3d80000)
  to   space 4096K, 0% used [0x00000000e3d80000,0x00000000e3d80000,0x00000000e4180000)
 ParOldGen       total 65536K, used 8747K [0x00000000a1c00000, 0x00000000a5c00000, 0x00000000e0980000)
  object space 65536K, 13% used [0x00000000a1c00000,0x00000000a248ad98,0x00000000a5c00000)
 Metaspace       used 15548K, capacity 15968K, committed 16128K, reserved 1062912K
  class space    used 1826K, capacity 1993K, committed 2048K, reserved 1048576K
}

Deoptimization events (10 events):
Event: 3.610 Thread 0x0000000001ff0800 Uncommon trap: reason=speculate_class_check action=maybe_recompile pc=0x000000000280cdc0 method=java.nio.charset.CharsetDecoder.decode(Ljava/nio/ByteBuffer;Ljava/nio/CharBuffer;Z)Ljava/nio/charset/CoderResult; @ 57
Event: 3.610 Thread 0x0000000001ff0800 Uncommon trap: reason=speculate_class_check action=maybe_recompile pc=0x000000000280cdc0 method=java.nio.charset.CharsetDecoder.decode(Ljava/nio/ByteBuffer;Ljava/nio/CharBuffer;Z)Ljava/nio/charset/CoderResult; @ 57
Event: 3.611 Thread 0x0000000001ff0800 Uncommon trap: reason=speculate_class_check action=maybe_recompile pc=0x000000000280cdc0 method=java.nio.charset.CharsetDecoder.decode(Ljava/nio/ByteBuffer;Ljava/nio/CharBuffer;Z)Ljava/nio/charset/CoderResult; @ 57
Event: 3.621 Thread 0x0000000001ff0800 Uncommon trap: reason=class_check action=maybe_recompile pc=0x00000000028495d4 method=org.apache.maven.model.interpolation.StringSearchModelInterpolator$InterpolateObjectAction$MapField.doInterpolate(Ljava/lang/Object;Lorg/apache/maven/model/interpolation/ÆµÁhµ@
Event: 3.765 Thread 0x0000000001ff0800 Uncommon trap: reason=unstable_if action=reinterpret pc=0x00000000028ee838 method=org.apache.maven.model.ConfigurationContainer.clone()Lorg/apache/maven/model/ConfigurationContainer; @ 37
Event: 3.971 Thread 0x0000000001ff0800 Uncommon trap: reason=unstable_if action=reinterpret pc=0x000000000266fe9c method=java.lang.String.trim()Ljava/lang/String; @ 63
Event: 4.025 Thread 0x0000000001ff0800 Uncommon trap: reason=class_check action=maybe_recompile pc=0x00000000028495d4 method=org.apache.maven.model.interpolation.StringSearchModelInterpolator$InterpolateObjectAction$MapField.doInterpolate(Ljava/lang/Object;Lorg/apache/maven/model/interpolation/$k»Bð@
Event: 4.026 Thread 0x0000000001ff0800 Uncommon trap: reason=class_check action=maybe_recompile pc=0x00000000028495d4 method=org.apache.maven.model.interpolation.StringSearchModelInterpolator$InterpolateObjectAction$MapField.doInterpolate(Ljava/lang/Object;Lorg/apache/maven/model/interpolation/cDÇ6À0@
Event: 4.048 Thread 0x0000000001ff0800 Uncommon trap: reason=unstable_if action=reinterpret pc=0x0000000002893830 method=org.codehaus.plexus.util.xml.pull.MXParser.parseAttribute()C @ 990
Event: 4.077 Thread 0x0000000001ff0800 Uncommon trap: reason=class_check action=maybe_recompile pc=0x00000000028495d4 method=org.apache.maven.model.interpolation.StringSearchModelInterpolator$InterpolateObjectAction$MapField.doInterpolate(Ljava/lang/Object;Lorg/apache/maven/model/interpolation/

Internal exceptions (10 events):
Event: 0.571 Thread 0x0000000001ff0800 Exception <a 'java/lang/ArrayIndexOutOfBoundsException'> (0x00000000e1a28ee8) thrown at [C:\re\workspace\8-2-build-windows-amd64-cygwin\jdk8u60\4407\hotspot\src\share\vm\runtime\sharedRuntime.cpp, line 605]
Event: 0.579 Thread 0x0000000001ff0800 Exception <a 'java/lang/ArrayIndexOutOfBoundsException'> (0x00000000e1a7c4e0) thrown at [C:\re\workspace\8-2-build-windows-amd64-cygwin\jdk8u60\4407\hotspot\src\share\vm\runtime\sharedRuntime.cpp, line 605]
Event: 0.815 Thread 0x0000000001ff0800 Exception <a 'java/lang/ArrayIndexOutOfBoundsException'> (0x00000000e118fdd0) thrown at [C:\re\workspace\8-2-build-windows-amd64-cygwin\jdk8u60\4407\hotspot\src\share\vm\runtime\sharedRuntime.cpp, line 605]
Event: 0.816 Thread 0x0000000001ff0800 Exception <a 'java/lang/ArrayIndexOutOfBoundsException'> (0x00000000e1191778) thrown at [C:\re\workspace\8-2-build-windows-amd64-cygwin\jdk8u60\4407\hotspot\src\share\vm\runtime\sharedRuntime.cpp, line 605]
Event: 0.875 Thread 0x0000000001ff0800 Exception <a 'java/lang/ArrayIndexOutOfBoundsException'> (0x00000000e12ff330) thrown at [C:\re\workspace\8-2-build-windows-amd64-cygwin\jdk8u60\4407\hotspot\src\share\vm\runtime\sharedRuntime.cpp, line 605]
Event: 0.884 Thread 0x0000000001ff0800 Exception <a 'java/lang/ArrayIndexOutOfBoundsException'> (0x00000000e134db90) thrown at [C:\re\workspace\8-2-build-windows-amd64-cygwin\jdk8u60\4407\hotspot\src\share\vm\runtime\sharedRuntime.cpp, line 605]
Event: 0.884 Thread 0x0000000001ff0800 Exception <a 'java/lang/ArrayIndexOutOfBoundsException'> (0x00000000e134e998) thrown at [C:\re\workspace\8-2-build-windows-amd64-cygwin\jdk8u60\4407\hotspot\src\share\vm\runtime\sharedRuntime.cpp, line 605]
Event: 1.938 Thread 0x0000000001ff0800 Implicit null exception at 0x000000000249a4d5 to 0x000000000249a6ad
Event: 1.938 Thread 0x0000000001ff0800 Implicit null exception at 0x00000000023fd42f to 0x00000000023fd499
Event: 2.085 Thread 0x0000000001ff0800 Implicit null exception at 0x00000000026800dd to 0x0000000002681295

Events (10 events):
Event: 4.489 loading class org/codehaus/plexus/archiver/zip/ZipArchiver
Event: 4.489 loading class org/codehaus/plexus/archiver/zip/ZipArchiver done
Event: 4.489 loading class org/codehaus/plexus/archiver/zip/AbstractZipArchiver
Event: 4.489 loading class org/codehaus/plexus/archiver/zip/AbstractZipArchiver done
Event: 4.489 loading class org/codehaus/plexus/archiver/zip/AbstractZipArchiver
Event: 4.489 loading class org/codehaus/plexus/archiver/zip/AbstractZipArchiver done
Event: 4.490 loading class org/codehaus/plexus/archiver/AbstractArchiver
Event: 4.490 loading class org/codehaus/plexus/archiver/AbstractArchiver done
Event: 4.490 loading class org/codehaus/plexus/archiver/AbstractArchiver
Event: 4.490 loading class org/codehaus/plexus/archiver/AbstractArchiver done


Dynamic libraries:
0x00007ff6210a0000 - 0x00007ff6210d7000 	C:\Program Files\Java\jdk1.8.0_60\bin\javaw.exe
0x00007ffb33f60000 - 0x00007ffb3410c000 	C:\Windows\SYSTEM32\ntdll.dll
0x00007ffb31d60000 - 0x00007ffb31e9e000 	C:\Windows\system32\KERNEL32.DLL
0x00007ffb31180000 - 0x00007ffb31295000 	C:\Windows\system32\KERNELBASE.dll
0x00007ffb2fc90000 - 0x00007ffb2fd1e000 	C:\Windows\system32\apphelp.dll
0x00007ffb23650000 - 0x00007ffb236a3000 	C:\Windows\AppPatch\AppPatch64\AcGenral.DLL
0x00007ffb31cb0000 - 0x00007ffb31d5a000 	C:\Windows\system32\msvcrt.dll
0x00007ffb30e80000 - 0x00007ffb30eae000 	C:\Windows\SYSTEM32\SspiCli.dll
0x00007ffb31850000 - 0x00007ffb318a4000 	C:\Windows\system32\SHLWAPI.dll
0x00007ffb31b20000 - 0x00007ffb31c97000 	C:\Windows\system32\USER32.dll
0x00007ffb324c0000 - 0x00007ffb32654000 	C:\Windows\system32\ole32.dll
0x00007ffb328f0000 - 0x00007ffb33e1b000 	C:\Windows\system32\SHELL32.dll
0x00007ffb30650000 - 0x00007ffb30671000 	C:\Windows\SYSTEM32\USERENV.dll
0x00007ffb320c0000 - 0x00007ffb3216a000 	C:\Windows\system32\ADVAPI32.dll
0x00007ffb23500000 - 0x00007ffb2351e000 	C:\Windows\SYSTEM32\MPR.dll
0x00007ffb32180000 - 0x00007ffb322c1000 	C:\Windows\system32\RPCRT4.dll
0x00007ffb32890000 - 0x00007ffb328e9000 	C:\Windows\SYSTEM32\sechost.dll
0x00007ffb315e0000 - 0x00007ffb317f1000 	C:\Windows\SYSTEM32\combase.dll
0x00007ffb31910000 - 0x00007ffb31a5f000 	C:\Windows\system32\GDI32.dll
0x00007ffb31060000 - 0x00007ffb31075000 	C:\Windows\SYSTEM32\profapi.dll
0x00007ffb2f700000 - 0x00007ffb2f7b2000 	C:\Windows\SYSTEM32\SHCORE.dll
0x00007ffb31810000 - 0x00007ffb31846000 	C:\Windows\system32\IMM32.DLL
0x00007ffb31ea0000 - 0x00007ffb31ff2000 	C:\Windows\system32\MSCTF.dll
0x00007ffb2ecf0000 - 0x00007ffb2ef6b000 	C:\Windows\WinSxS\amd64_microsoft.windows.common-controls_6595b64144ccf1df_6.0.9600.18006_none_623f33d3ecbe86e8\COMCTL32.dll
0x000000006eaa0000 - 0x000000006eb72000 	C:\Program Files\Java\jdk1.8.0_60\jre\bin\msvcr100.dll
0x000000006e070000 - 0x000000006e8f9000 	C:\Program Files\Java\jdk1.8.0_60\jre\bin\server\jvm.dll
0x00007ffb27270000 - 0x00007ffb27279000 	C:\Windows\SYSTEM32\WSOCK32.dll
0x00007ffb2cbc0000 - 0x00007ffb2cbe2000 	C:\Windows\SYSTEM32\WINMM.dll
0x00007ffb29390000 - 0x00007ffb2939a000 	C:\Windows\SYSTEM32\VERSION.dll
0x00007ffb31800000 - 0x00007ffb31807000 	C:\Windows\system32\PSAPI.DLL
0x00007ffb318b0000 - 0x00007ffb3190a000 	C:\Windows\system32\WS2_32.dll
0x00007ffb2c740000 - 0x00007ffb2c76a000 	C:\Windows\SYSTEM32\WINMMBASE.dll
0x00007ffb32170000 - 0x00007ffb32179000 	C:\Windows\system32\NSI.dll
0x00007ffb312a0000 - 0x00007ffb312ef000 	C:\Windows\SYSTEM32\cfgmgr32.dll
0x00007ffb2fd80000 - 0x00007ffb2fda8000 	C:\Windows\SYSTEM32\DEVOBJ.dll
0x000000006f010000 - 0x000000006f01f000 	C:\Program Files\Java\jdk1.8.0_60\jre\bin\verify.dll
0x000000006efe0000 - 0x000000006f009000 	C:\Program Files\Java\jdk1.8.0_60\jre\bin\java.dll
0x000000006efc0000 - 0x000000006efd6000 	C:\Program Files\Java\jdk1.8.0_60\jre\bin\zip.dll
0x000000006efa0000 - 0x000000006efba000 	C:\Program Files\Java\jdk1.8.0_60\jre\bin\net.dll
0x00007ffb308c0000 - 0x00007ffb30919000 	C:\Windows\system32\mswsock.dll
0x000000006ef80000 - 0x000000006ef91000 	C:\Program Files\Java\jdk1.8.0_60\jre\bin\nio.dll

VM Arguments:
jvm_args: -Dmaven.home=EMBEDDED -Dclassworlds.conf=D:\PIdev\new\.metadata\.plugins\org.eclipse.m2e.launching\launches\m2conf6338812176106276663.tmp -Dfile.encoding=Cp1252 
java_command: org.codehaus.plexus.classworlds.launcher.Launcher -B install
java_class_path (initial): /C:/Users/Sabrine/jbdevstudio/studio/plugins/org.eclipse.m2e.maven.runtime_1.5.1.20150109-1819/jars/plexus-classworlds-2.5.1.jar
Launcher Type: SUN_STANDARD

Environment Variables:
JAVA_HOME=C:\Program Files (x86)\Java\jdk1.7.0
PATH=C:\Program Files (x86)\Java\jdk1.7.0\bin;D:\workJEE\tools\apache-maven-3.3.3-bin\apache-maven-3.3.3\bin;C:\Program Files\Java\jdk1.8.0_60\bin;C:\Windows\system32;C:\Windows;C:\Windows\System32\Wbem;C:\Windows\System32\WindowsPowerShell\v1.0\;C:\Program Files (x86)\Intel\OpenCL SDK\2.0\bin\x86;C:\Program Files (x86)\Intel\OpenCL SDK\2.0\bin\x64;C:\wamp\bin\php\php5.4.16;C:\Program Files (x86)\Windows Live\Shared;C:\Windows\system32\config\systemprofile\.dnx\bin;C:\Program Files\Microsoft DNX\Dnvm\;C:\Program Files\Microsoft SQL Server\120\Tools\Binn\;C:\Users\Sabrine\.dnx\bin
USERNAME=Sabrine
OS=Windows_NT
PROCESSOR_IDENTIFIER=Intel64 Family 6 Model 58 Stepping 9, GenuineIntel



---------------  S Y S T E M  ---------------

OS: Windows 8.1 , 64 bit Build 9600 (6.3.9600.17415)

CPU:total 4 (2 cores per cpu, 2 threads per core) family 6 model 58 stepping 9, cmov, cx8, fxsr, mmx, sse, sse2, sse3, ssse3, sse4.1, sse4.2, popcnt, avx, aes, clmul, erms, ht, tsc, tscinvbit, tscinv

Memory: 4k page, physical 6174244k(858996k free), swap 9319972k(2748k free)

vm_info: Java HotSpot(TM) 64-Bit Server VM (25.60-b23) for windows-amd64 JRE (1.8.0_60-b27), built on Aug  4 2015 11:06:27 by "java_re" with MS VC++ 10.0 (VS2010)

time: Sat Dec 26 21:11:36 2015
elapsed time: 5 seconds (0d 0h 0m 5s)

